<?xml version="1.0" encoding="UTF-8"?>
<!-- Generated by org.testng.reporters.JUnitReportReporter -->
<testsuite skipped="0" hostname="LAPTOP-AV8JRCAO" name="testscript.PrintFamilyTreeTest" tests="1" failures="0" timestamp="2023-04-13T11:08:03 IST" time="15.216" errors="0">
  <testcase name="printFamilyTreeTest" time="15.216" classname="testscript.PrintFamilyTreeTest"/>
  <system-out/>
</testsuite> <!-- testscript.PrintFamilyTreeTest -->
